2018-11-15 23:11:42 [django.server:124] [INFO] - "GET /users/list/ HTTP/1.1" 200 132494
2018-11-15 23:11:43 [django.server:124] [WARNING] - "GET /static/fonts/fontawesome-webfont.woff2?v=4.7.0 HTTP/1.1" 404 1714
2018-11-15 23:11:44 [django.server:124] [INFO] - "GET /users/detail/7/ HTTP/1.1" 200 95
2018-11-15 23:11:59 [django.server:124] [INFO] - "DELETE /users/delete/18/ HTTP/1.1" 200 37
2018-11-15 23:12:00 [django.server:124] [INFO] - "GET /users/list/ HTTP/1.1" 200 131420
2018-11-15 23:12:00 [django.server:124] [WARNING] - "GET /static/fonts/fontawesome-webfont.woff2?v=4.7.0 HTTP/1.1" 404 1714
2018-11-15 23:12:15 [django.server:124] [INFO] - "DELETE /users/delete/19/ HTTP/1.1" 200 37
2018-11-15 23:12:16 [django.server:124] [INFO] - "GET /users/list/ HTTP/1.1" 200 130346
2018-11-15 23:12:16 [django.server:124] [WARNING] - "GET /static/fonts/fontawesome-webfont.woff2?v=4.7.0 HTTP/1.1" 404 1714
2018-11-15 23:12:35 [django.server:124] [INFO] - "GET /users/detail/12/ HTTP/1.1" 200 96
2018-11-15 23:12:39 [django.server:124] [INFO] - "POST /users/edit/ HTTP/1.1" 200 30
2018-11-15 23:12:44 [django.server:124] [INFO] - "GET /users/list/ HTTP/1.1" 200 130346
2018-11-15 23:12:44 [django.server:124] [WARNING] - "GET /static/fonts/fontawesome-webfont.woff2?v=4.7.0 HTTP/1.1" 404 1714
2018-11-16 21:21:31 [django.server:124] [INFO] - "GET / HTTP/1.1" 200 10224
2018-11-16 21:21:32 [django.server:124] [INFO] - "GET /static/css/ionicons.min.css HTTP/1.1" 304 0
2018-11-16 21:21:32 [django.server:124] [INFO] - "GET /static/css/bootstrap.min.css HTTP/1.1" 304 0
2018-11-16 21:21:32 [django.server:124] [INFO] - "GET /static/css/font-awesome.min.css HTTP/1.1" 304 0
2018-11-16 21:21:32 [django.server:124] [INFO] - "GET /static/css/morris.css HTTP/1.1" 304 0
2018-11-16 21:21:32 [django.server:124] [INFO] - "GET /static/css/AdminLTE.min.css HTTP/1.1" 304 0
2018-11-16 21:21:32 [django.server:124] [INFO] - "GET /static/css/jquery-jvectormap.css HTTP/1.1" 304 0
2018-11-16 21:21:32 [django.server:124] [INFO] - "GET /static/css/_all-skins.min.css HTTP/1.1" 304 0
2018-11-16 21:21:32 [django.server:124] [INFO] - "GET /static/css/bootstrap-datepicker.min.css HTTP/1.1" 304 0
2018-11-16 21:21:32 [django.server:124] [INFO] - "GET /static/css/daterangepicker.css HTTP/1.1" 304 0
2018-11-16 21:21:32 [django.server:124] [INFO] - "GET /static/css/bootstrap3-wysihtml5.min.css HTTP/1.1" 304 0
2018-11-16 21:21:32 [django.server:124] [INFO] - "GET /static/js/jquery.min.js HTTP/1.1" 304 0
2018-11-16 21:21:32 [django.server:124] [INFO] - "GET /static/img/user2-160x160.jpg HTTP/1.1" 304 0
2018-11-16 21:21:32 [django.server:124] [INFO] - "GET /static/js/bootstrap.min.js HTTP/1.1" 304 0
2018-11-16 21:21:32 [django.server:124] [INFO] - "GET /static/js/adminlte.min.js HTTP/1.1" 304 0
2018-11-16 21:21:32 [django.server:124] [WARNING] - "GET /static/fonts/fontawesome-webfont.woff2?v=4.7.0 HTTP/1.1" 404 1714
2018-11-16 21:21:32 [django.server:124] [INFO] - "GET /static/fonts/fontawesome-webfont.woff?v=4.7.0 HTTP/1.1" 304 0
2018-11-16 21:21:37 [django.server:124] [INFO] - "GET /assets/list/ HTTP/1.1" 200 36009
2018-11-16 21:21:37 [django.server:124] [INFO] - "GET /static/css/sweetalert.css HTTP/1.1" 304 0
2018-11-16 21:21:37 [django.server:124] [INFO] - "GET /static/js/sweetalert.min.js HTTP/1.1" 304 0
2018-11-16 21:21:37 [django.server:124] [WARNING] - "GET /static/fonts/fontawesome-webfont.woff2?v=4.7.0 HTTP/1.1" 404 1714
2018-11-16 21:22:17 [django.server:124] [INFO] - "GET /assets/list/ HTTP/1.1" 200 36009
2018-11-16 21:22:17 [django.server:124] [WARNING] - "GET /static/fonts/fontawesome-webfont.woff2?v=4.7.0 HTTP/1.1" 404 1714
2018-11-16 21:22:24 [django.server:124] [INFO] - "GET /assets/list/ HTTP/1.1" 200 36009
2018-11-16 21:22:24 [django.server:124] [WARNING] - "GET /static/fonts/fontawesome-webfont.woff2?v=4.7.0 HTTP/1.1" 404 1714
2018-11-16 21:22:26 [django.server:124] [INFO] - "GET /assets/list/ HTTP/1.1" 200 36009
2018-11-16 21:22:26 [django.server:124] [WARNING] - "GET /static/fonts/fontawesome-webfont.woff2?v=4.7.0 HTTP/1.1" 404 1714
2018-11-16 21:36:02 [django.server:124] [INFO] - "GET /assets/list/ HTTP/1.1" 200 36009
2018-11-16 21:36:02 [django.server:124] [WARNING] - "GET /static/fonts/fontawesome-webfont.woff2?v=4.7.0 HTTP/1.1" 404 1714
2018-11-16 21:44:55 [django.template:925] [DEBUG] - Exception while resolving variable 'name' in template 'unknown'.
Traceback (most recent call last):
  File "/home/vagrant/python36env/lib/python3.6/site-packages/django/core/handlers/exception.py", line 41, in inner
    response = get_response(request)
  File "/home/vagrant/python36env/lib/python3.6/site-packages/django/core/handlers/base.py", line 172, in _get_response
    resolver_match = resolver.resolve(request.path_info)
  File "/home/vagrant/python36env/lib/python3.6/site-packages/django/urls/resolvers.py", line 392, in resolve
    raise Resolver404({'tried': tried, 'path': new_path})
django.urls.exceptions.Resolver404: {'tried': [[<RegexURLResolver <RegexURLPattern list> (admin:admin) ^admin/>], [<RegexURLPattern None ^account/login/$>], [<RegexURLPattern None ^account/logout/$>], [<RegexURLPattern None ^$>], [<RegexURLPattern None ^assets/list/$>], [<RegexURLPattern None ^assets/add/$>], [<RegexURLPattern None ^assets/delete/(?P<pk>[0-9]+)/$>], [<RegexURLPattern None ^users/list/$>], [<RegexURLPattern None ^users/delete/(?P<pk>[0-9]+)/$>], [<RegexURLPattern None ^users/add/$>], [<RegexURLPattern None ^users/detail/(?P<pk>\d+)/$>], [<RegexURLPattern None ^users/edit/$>], [<RegexURLPattern None ^users/export/$>]], 'path': 'assets/list/kkk'}

During handling of the above exception, another exception occurred:

Traceback (most recent call last):
  File "/home/vagrant/python36env/lib/python3.6/site-packages/django/template/base.py", line 882, in _resolve_lookup
    current = current[bit]
TypeError: 'RegexURLResolver' object is not subscriptable

During handling of the above exception, another exception occurred:

Traceback (most recent call last):
  File "/home/vagrant/python36env/lib/python3.6/site-packages/django/template/base.py", line 890, in _resolve_lookup
    current = getattr(current, bit)
AttributeError: 'RegexURLResolver' object has no attribute 'name'

During handling of the above exception, another exception occurred:

Traceback (most recent call last):
  File "/home/vagrant/python36env/lib/python3.6/site-packages/django/template/base.py", line 896, in _resolve_lookup
    current = current[int(bit)]
ValueError: invalid literal for int() with base 10: 'name'

During handling of the above exception, another exception occurred:

Traceback (most recent call last):
  File "/home/vagrant/python36env/lib/python3.6/site-packages/django/template/base.py", line 903, in _resolve_lookup
    (bit, current))  # missing attribute
django.template.base.VariableDoesNotExist: Failed lookup for key [name] in '<RegexURLResolver <RegexURLPattern list> (admin:admin) ^admin/>'
2018-11-16 21:44:55 [django.server:124] [WARNING] - "GET /assets/list/kkk HTTP/1.1" 404 3395
2018-11-16 21:46:25 [django.template:925] [DEBUG] - Exception while resolving variable 'name' in template 'unknown'.
Traceback (most recent call last):
  File "/home/vagrant/python36env/lib/python3.6/site-packages/django/core/handlers/exception.py", line 41, in inner
    response = get_response(request)
  File "/home/vagrant/python36env/lib/python3.6/site-packages/django/core/handlers/base.py", line 172, in _get_response
    resolver_match = resolver.resolve(request.path_info)
  File "/home/vagrant/python36env/lib/python3.6/site-packages/django/urls/resolvers.py", line 392, in resolve
    raise Resolver404({'tried': tried, 'path': new_path})
django.urls.exceptions.Resolver404: {'tried': [[<RegexURLResolver <RegexURLPattern list> (admin:admin) ^admin/>], [<RegexURLPattern None ^account/login/$>], [<RegexURLPattern None ^account/logout/$>], [<RegexURLPattern None ^$>], [<RegexURLPattern None ^assets/list/$>], [<RegexURLPattern None ^assets/add/$>], [<RegexURLPattern None ^assets/delete/(?P<pk>[0-9]+)/$>], [<RegexURLPattern None ^users/list/$>], [<RegexURLPattern None ^users/delete/(?P<pk>[0-9]+)/$>], [<RegexURLPattern None ^users/add/$>], [<RegexURLPattern None ^users/detail/(?P<pk>\d+)/$>], [<RegexURLPattern None ^users/edit/$>], [<RegexURLPattern None ^users/export/$>]], 'path': 'assets/'}

During handling of the above exception, another exception occurred:

Traceback (most recent call last):
  File "/home/vagrant/python36env/lib/python3.6/site-packages/django/template/base.py", line 882, in _resolve_lookup
    current = current[bit]
TypeError: 'RegexURLResolver' object is not subscriptable

During handling of the above exception, another exception occurred:

Traceback (most recent call last):
  File "/home/vagrant/python36env/lib/python3.6/site-packages/django/template/base.py", line 890, in _resolve_lookup
    current = getattr(current, bit)
AttributeError: 'RegexURLResolver' object has no attribute 'name'

During handling of the above exception, another exception occurred:

Traceback (most recent call last):
  File "/home/vagrant/python36env/lib/python3.6/site-packages/django/template/base.py", line 896, in _resolve_lookup
    current = current[int(bit)]
ValueError: invalid literal for int() with base 10: 'name'

During handling of the above exception, another exception occurred:

Traceback (most recent call last):
  File "/home/vagrant/python36env/lib/python3.6/site-packages/django/template/base.py", line 903, in _resolve_lookup
    (bit, current))  # missing attribute
django.template.base.VariableDoesNotExist: Failed lookup for key [name] in '<RegexURLResolver <RegexURLPattern list> (admin:admin) ^admin/>'
2018-11-16 21:46:25 [django.server:124] [WARNING] - "GET /assets/ HTTP/1.1" 404 3371
2018-11-16 21:46:29 [django.server:124] [INFO] - "GET / HTTP/1.1" 200 10224
2018-11-16 21:46:29 [django.server:124] [WARNING] - "GET /static/fonts/fontawesome-webfont.woff2?v=4.7.0 HTTP/1.1" 404 1714
2018-11-16 21:46:32 [django.server:124] [INFO] - "GET /users/list/ HTTP/1.1" 200 130346
2018-11-16 21:46:32 [django.server:124] [WARNING] - "GET /static/fonts/fontawesome-webfont.woff2?v=4.7.0 HTTP/1.1" 404 1714
2018-11-16 21:46:55 [django.server:124] [WARNING] - "GET /static/css/bootstrap.min.css.map HTTP/1.1" 404 1688
2018-11-16 21:47:04 [django.server:124] [INFO] - "GET /users/list/ HTTP/1.1" 200 130346
2018-11-16 21:47:04 [django.server:124] [WARNING] - "GET /static/fonts/fontawesome-webfont.woff2?v=4.7.0 HTTP/1.1" 404 1714
2018-11-16 21:47:04 [django.server:124] [WARNING] - "GET /static/css/bootstrap.min.css.map HTTP/1.1" 404 1688
2018-11-16 21:47:23 [django.server:124] [INFO] - "GET / HTTP/1.1" 200 10224
2018-11-16 21:47:23 [django.server:124] [WARNING] - "GET /static/fonts/fontawesome-webfont.woff2?v=4.7.0 HTTP/1.1" 404 1714
2018-11-16 21:47:26 [django.server:124] [INFO] - "GET /users/list/ HTTP/1.1" 200 130346
2018-11-16 21:47:26 [django.server:124] [WARNING] - "GET /static/fonts/fontawesome-webfont.woff2?v=4.7.0 HTTP/1.1" 404 1714
2018-11-16 21:48:12 [django.server:124] [INFO] - "GET /users/list/ HTTP/1.1" 200 130346
2018-11-16 21:48:12 [django.server:124] [WARNING] - "GET /static/fonts/fontawesome-webfont.woff2?v=4.7.0 HTTP/1.1" 404 1714
2018-11-16 23:41:27 [django.server:124] [INFO] - "GET /users/list/ HTTP/1.1" 200 130346
2018-11-16 23:41:28 [django.server:124] [WARNING] - "GET /static/fonts/fontawesome-webfont.woff2?v=4.7.0 HTTP/1.1" 404 1714
2018-11-16 23:41:31 [django.server:124] [INFO] - "GET /users/list/ HTTP/1.1" 200 130346
2018-11-16 23:41:31 [django.server:124] [WARNING] - "GET /static/fonts/fontawesome-webfont.woff2?v=4.7.0 HTTP/1.1" 404 1714
2018-11-16 23:41:43 [django.server:124] [INFO] - "DELETE /users/delete/7/ HTTP/1.1" 200 36
2018-11-16 23:41:44 [django.server:124] [INFO] - "GET /users/list/ HTTP/1.1" 200 129272
2018-11-16 23:41:44 [django.server:124] [WARNING] - "GET /static/fonts/fontawesome-webfont.woff2?v=4.7.0 HTTP/1.1" 404 1714
2018-11-16 23:41:45 [django.server:124] [INFO] - "GET /users/detail/10/ HTTP/1.1" 200 95
2018-11-16 23:41:50 [django.server:124] [INFO] - "POST /users/edit/ HTTP/1.1" 200 30
2018-11-16 23:41:53 [django.server:124] [INFO] - "GET /users/list/ HTTP/1.1" 200 129272
2018-11-16 23:41:53 [django.server:124] [WARNING] - "GET /static/fonts/fontawesome-webfont.woff2?v=4.7.0 HTTP/1.1" 404 1714
